<?xml version="1.0" encoding="UTF-8"?>
<testng-results skipped="0" failed="1" ignored="0" total="2" passed="1">
  <reporter-output>
  </reporter-output>
  <suite name="Default suite" duration-ms="30391" started-at="2021-06-21T00:10:04Z" finished-at="2021-06-21T00:10:34Z">
    <groups>
    </groups>
    <test name="Default test" duration-ms="30391" started-at="2021-06-21T00:10:04Z" finished-at="2021-06-21T00:10:34Z">
      <class name="GaboSTG3.GaboSTG3">
        <test-method status="PASS" signature="beforeMethod()[pri:0, instance:GaboSTG3.GaboSTG3@5c5a1b69]" name="beforeMethod" is-config="true" duration-ms="0" started-at="2021-06-21T00:10:04Z" finished-at="2021-06-21T00:10:04Z">
          <reporter-output>
          </reporter-output>
        </test-method> <!-- beforeMethod -->
        <test-method status="FAIL" signature="Login()[pri:0, instance:GaboSTG3.GaboSTG3@5c5a1b69]" name="Login" duration-ms="14108" started-at="2021-06-21T00:10:04Z" finished-at="2021-06-21T00:10:18Z">
          <exception class="java.lang.AssertionError">
            <message>
              <![CDATA[expected [Administrador Panel Principal] but found [Administrador Panel principal]]]>
            </message>
            <full-stacktrace>
              <![CDATA[java.lang.AssertionError: expected [Administrador Panel Principal] but found [Administrador Panel principal]
at org.testng.Assert.fail(Assert.java:96)
at org.testng.Assert.failNotEquals(Assert.java:776)
at org.testng.Assert.assertEqualsImpl(Assert.java:137)
at org.testng.Assert.assertEquals(Assert.java:118)
at org.testng.Assert.assertEquals(Assert.java:453)
at org.testng.Assert.assertEquals(Assert.java:463)
at GaboSTG3.GaboSTG3.Login(GaboSTG3.java:77)
at sun.reflect.NativeMethodAccessorImpl.invoke0(Native Method)
at sun.reflect.NativeMethodAccessorImpl.invoke(Unknown Source)
at sun.reflect.DelegatingMethodAccessorImpl.invoke(Unknown Source)
at java.lang.reflect.Method.invoke(Unknown Source)
at org.testng.internal.MethodInvocationHelper.invokeMethod(MethodInvocationHelper.java:124)
at org.testng.internal.Invoker.invokeMethod(Invoker.java:583)
at org.testng.internal.Invoker.invokeTestMethod(Invoker.java:719)
at org.testng.internal.Invoker.invokeTestMethods(Invoker.java:989)
at org.testng.internal.TestMethodWorker.invokeTestMethods(TestMethodWorker.java:125)
at org.testng.internal.TestMethodWorker.run(TestMethodWorker.java:109)
at org.testng.TestRunner.privateRun(TestRunner.java:648)
at org.testng.TestRunner.run(TestRunner.java:505)
at org.testng.SuiteRunner.runTest(SuiteRunner.java:455)
at org.testng.SuiteRunner.runSequentially(SuiteRunner.java:450)
at org.testng.SuiteRunner.privateRun(SuiteRunner.java:415)
at org.testng.SuiteRunner.run(SuiteRunner.java:364)
at org.testng.SuiteRunnerWorker.runSuite(SuiteRunnerWorker.java:52)
at org.testng.SuiteRunnerWorker.run(SuiteRunnerWorker.java:84)
at org.testng.TestNG.runSuitesSequentially(TestNG.java:1208)
at org.testng.TestNG.runSuitesLocally(TestNG.java:1137)
at org.testng.TestNG.runSuites(TestNG.java:1049)
at org.testng.TestNG.run(TestNG.java:1017)
at org.testng.remote.AbstractRemoteTestNG.run(AbstractRemoteTestNG.java:114)
at org.testng.remote.RemoteTestNG.initAndRun(RemoteTestNG.java:251)
at org.testng.remote.RemoteTestNG.main(RemoteTestNG.java:77)
]]>
            </full-stacktrace>
          </exception> <!-- java.lang.AssertionError -->
          <reporter-output>
          </reporter-output>
        </test-method> <!-- Login -->
        <test-method status="PASS" signature="afterMethod()[pri:0, instance:GaboSTG3.GaboSTG3@5c5a1b69]" name="afterMethod" is-config="true" duration-ms="0" started-at="2021-06-21T00:10:18Z" finished-at="2021-06-21T00:10:18Z">
          <reporter-output>
          </reporter-output>
        </test-method> <!-- afterMethod -->
        <test-method status="PASS" signature="ordenVenta()[pri:0, instance:GaboSTG3.GaboSTG3@5c5a1b69]" name="ordenVenta" duration-ms="16246" started-at="2021-06-21T00:10:18Z" finished-at="2021-06-21T00:10:34Z">
          <reporter-output>
          </reporter-output>
        </test-method> <!-- ordenVenta -->
        <test-method status="PASS" signature="beforeMethod()[pri:0, instance:GaboSTG3.GaboSTG3@5c5a1b69]" name="beforeMethod" is-config="true" duration-ms="0" started-at="2021-06-21T00:10:18Z" finished-at="2021-06-21T00:10:18Z">
          <reporter-output>
          </reporter-output>
        </test-method> <!-- beforeMethod -->
        <test-method status="PASS" signature="afterMethod()[pri:0, instance:GaboSTG3.GaboSTG3@5c5a1b69]" name="afterMethod" is-config="true" duration-ms="0" started-at="2021-06-21T00:10:34Z" finished-at="2021-06-21T00:10:34Z">
          <reporter-output>
          </reporter-output>
        </test-method> <!-- afterMethod -->
      </class> <!-- GaboSTG3.GaboSTG3 -->
    </test> <!-- Default test -->
  </suite> <!-- Default suite -->
</testng-results>
